<?xml version="1.0" encoding="UTF-8"?>
<testng-results skipped="0" failed="1" ignored="10" total="16" passed="5">
  <reporter-output>
  </reporter-output>
  <suite name="All Test Suite" duration-ms="75883" started-at="2022-10-02T16:36:25 EET" finished-at="2022-10-02T16:37:41 EET">
    <groups>
    </groups>
    <test name="F:/PhysicianNetwork/PhysicianNetwork" duration-ms="75883" started-at="2022-10-02T16:36:25 EET" finished-at="2022-10-02T16:37:41 EET">
      <class name="Tests.Login.LoginWithInvalidEmailTest">
        <test-method status="PASS" signature="start()[pri:0, instance:Tests.Login.LoginWithInvalidEmailTest@1dfe2924]" name="start" is-config="true" duration-ms="4394" started-at="2022-10-02T16:36:21 EET" finished-at="2022-10-02T16:36:25 EET">
          <reporter-output>
          </reporter-output>
        </test-method> <!-- start -->
        <test-method status="PASS" signature="userCanNotLoginWithInvalidEmail()[pri:0, instance:Tests.Login.LoginWithInvalidEmailTest@1dfe2924]" name="userCanNotLoginWithInvalidEmail" duration-ms="525" started-at="2022-10-02T16:36:25 EET" finished-at="2022-10-02T16:36:26 EET">
          <reporter-output>
          </reporter-output>
        </test-method> <!-- userCanNotLoginWithInvalidEmail -->
        <test-method status="PASS" signature="screenshotOnFailure(org.testng.ITestResult)[pri:0, instance:Tests.Login.LoginWithInvalidEmailTest@1dfe2924]" name="screenshotOnFailure" is-config="true" duration-ms="2" started-at="2022-10-02T16:36:26 EET" finished-at="2022-10-02T16:36:26 EET">
          <params>
            <param index="0">
              <value>
                <![CDATA[[TestResult name=userCanNotLoginWithInvalidEmail status=SUCCESS method=LoginWithInvalidEmailTest.userCanNotLoginWithInvalidEmail()[pri:0, instance:Tests.Login.LoginWithInvalidEmailTest@1dfe2924] output={null}]]]>
              </value>
            </param>
          </params>
          <reporter-output>
          </reporter-output>
        </test-method> <!-- screenshotOnFailure -->
        <test-method status="PASS" signature="exit()[pri:0, instance:Tests.Login.LoginWithInvalidEmailTest@1dfe2924]" name="exit" is-config="true" duration-ms="540" started-at="2022-10-02T16:37:41 EET" finished-at="2022-10-02T16:37:42 EET">
          <reporter-output>
          </reporter-output>
        </test-method> <!-- exit -->
      </class> <!-- Tests.Login.LoginWithInvalidEmailTest -->
      <class name="Tests.Registration.RegistrationWithExistedPhoneNumberTest">
        <test-method status="PASS" signature="userCanRegisterSuccessfully()[pri:0, instance:Tests.Registration.RegistrationWithExistedPhoneNumberTest@57855c9a]" name="userCanRegisterSuccessfully" duration-ms="2750" started-at="2022-10-02T16:36:29 EET" finished-at="2022-10-02T16:36:32 EET">
          <reporter-output>
          </reporter-output>
        </test-method> <!-- userCanRegisterSuccessfully -->
        <test-method status="PASS" signature="screenshotOnFailure(org.testng.ITestResult)[pri:0, instance:Tests.Registration.RegistrationWithExistedPhoneNumberTest@57855c9a]" name="screenshotOnFailure" is-config="true" duration-ms="0" started-at="2022-10-02T16:36:32 EET" finished-at="2022-10-02T16:36:32 EET">
          <params>
            <param index="0">
              <value>
                <![CDATA[[TestResult name=userCanRegisterSuccessfully status=SUCCESS method=RegistrationWithExistedPhoneNumberTest.userCanRegisterSuccessfully()[pri:0, instance:Tests.Registration.RegistrationWithExistedPhoneNumberTest@57855c9a] output={null}]]]>
              </value>
            </param>
          </params>
          <reporter-output>
          </reporter-output>
        </test-method> <!-- screenshotOnFailure -->
      </class> <!-- Tests.Registration.RegistrationWithExistedPhoneNumberTest -->
      <class name="Tests.Login.LoginWithInvalidPassTest">
        <test-method status="PASS" signature="userCanNotLoginWithInvalidEmail()[pri:0, instance:Tests.Login.LoginWithInvalidPassTest@49fc609f]" name="userCanNotLoginWithInvalidEmail" duration-ms="399" started-at="2022-10-02T16:36:26 EET" finished-at="2022-10-02T16:36:26 EET">
          <reporter-output>
          </reporter-output>
        </test-method> <!-- userCanNotLoginWithInvalidEmail -->
        <test-method status="PASS" signature="screenshotOnFailure(org.testng.ITestResult)[pri:0, instance:Tests.Login.LoginWithInvalidPassTest@49fc609f]" name="screenshotOnFailure" is-config="true" duration-ms="0" started-at="2022-10-02T16:36:26 EET" finished-at="2022-10-02T16:36:26 EET">
          <params>
            <param index="0">
              <value>
                <![CDATA[[TestResult name=userCanNotLoginWithInvalidEmail status=SUCCESS method=LoginWithInvalidPassTest.userCanNotLoginWithInvalidEmail()[pri:0, instance:Tests.Login.LoginWithInvalidPassTest@49fc609f] output={null}]]]>
              </value>
            </param>
          </params>
          <reporter-output>
          </reporter-output>
        </test-method> <!-- screenshotOnFailure -->
      </class> <!-- Tests.Login.LoginWithInvalidPassTest -->
      <class name="Tests.Registration.RegistrationWithExistedEmailTest">
        <test-method status="PASS" signature="userCanRegisterSuccessfully()[pri:0, instance:Tests.Registration.RegistrationWithExistedEmailTest@22a67b4]" name="userCanRegisterSuccessfully" duration-ms="2739" started-at="2022-10-02T16:36:26 EET" finished-at="2022-10-02T16:36:29 EET">
          <reporter-output>
          </reporter-output>
        </test-method> <!-- userCanRegisterSuccessfully -->
        <test-method status="PASS" signature="screenshotOnFailure(org.testng.ITestResult)[pri:0, instance:Tests.Registration.RegistrationWithExistedEmailTest@22a67b4]" name="screenshotOnFailure" is-config="true" duration-ms="1" started-at="2022-10-02T16:36:29 EET" finished-at="2022-10-02T16:36:29 EET">
          <params>
            <param index="0">
              <value>
                <![CDATA[[TestResult name=userCanRegisterSuccessfully status=SUCCESS method=RegistrationWithExistedEmailTest.userCanRegisterSuccessfully()[pri:0, instance:Tests.Registration.RegistrationWithExistedEmailTest@22a67b4] output={null}]]]>
              </value>
            </param>
          </params>
          <reporter-output>
          </reporter-output>
        </test-method> <!-- screenshotOnFailure -->
      </class> <!-- Tests.Registration.RegistrationWithExistedEmailTest -->
      <class name="Tests.Registration.RegistrationSuccessfullyTest">
        <test-method status="PASS" signature="userCanRegisterSuccessfully()[pri:0, instance:Tests.Registration.RegistrationSuccessfullyTest@3b084709]" name="userCanRegisterSuccessfully" duration-ms="2651" started-at="2022-10-02T16:36:32 EET" finished-at="2022-10-02T16:36:34 EET">
          <reporter-output>
          </reporter-output>
        </test-method> <!-- userCanRegisterSuccessfully -->
        <test-method status="PASS" signature="screenshotOnFailure(org.testng.ITestResult)[pri:0, instance:Tests.Registration.RegistrationSuccessfullyTest@3b084709]" name="screenshotOnFailure" is-config="true" duration-ms="1" started-at="2022-10-02T16:36:34 EET" finished-at="2022-10-02T16:36:34 EET">
          <params>
            <param index="0">
              <value>
                <![CDATA[[TestResult name=userCanRegisterSuccessfully status=SUCCESS method=RegistrationSuccessfullyTest.userCanRegisterSuccessfully()[pri:0, instance:Tests.Registration.RegistrationSuccessfullyTest@3b084709] output={null}]]]>
              </value>
            </param>
          </params>
          <reporter-output>
          </reporter-output>
        </test-method> <!-- screenshotOnFailure -->
      </class> <!-- Tests.Registration.RegistrationSuccessfullyTest -->
      <class name="Tests.Login.LoginSuccessfullyTest">
        <test-method status="FAIL" signature="userCanLoginWithValidEmailAndPassword()[pri:0, instance:Tests.Login.LoginSuccessfullyTest@3224f60b]" name="userCanLoginWithValidEmailAndPassword" duration-ms="56466" started-at="2022-10-02T16:36:34 EET" finished-at="2022-10-02T16:37:31 EET">
          <exception class="org.openqa.selenium.WebDriverException">
            <message>
              <![CDATA[chrome not reachable
  (Session info: chrome=105.0.5195.127)
Build info: version: '4.4.0', revision: 'e5c75ed026a'
System info: host: 'DESKTOP-968EIR9', ip: '192.168.1.9', os.name: 'Windows 10', os.arch: 'amd64', os.version: '10.0', java.version: '1.8.0_162'
Driver info: org.openqa.selenium.chrome.ChromeDriver
Command: [8d07ab3663a393a337c6fb8255c08dc7, findElement {using=xpath, value=/html/body/app-root/div/app-auth/div/div[2]/app-login/div/form/button}]
Capabilities {acceptInsecureCerts: false, browserName: chrome, browserVersion: 105.0.5195.127, chrome: {chromedriverVersion: 105.0.5195.52 (412c95e51883..., userDataDir: C:\Users\mohamed\AppData\Lo...}, goog:chromeOptions: {debuggerAddress: localhost:58679}, networkConnectionEnabled: false, pageLoadStrategy: normal, platformName: WINDOWS, proxy: Proxy(), se:cdp: ws://localhost:58679/devtoo..., se:cdpVersion: 105.0.5195.127, setWindowRect: true, strictFileInteractability: false, timeouts: {implicit: 0, pageLoad: 300000, script: 30000}, unhandledPromptBehavior: dismiss and notify, webauthn:extension:credBlob: true, webauthn:extension:largeBlob: true, webauthn:virtualAuthenticators: true}
Session ID: 8d07ab3663a393a337c6fb8255c08dc7]]>
            </message>
            <full-stacktrace>
              <![CDATA[org.openqa.selenium.WebDriverException: chrome not reachable
  (Session info: chrome=105.0.5195.127)
Build info: version: '4.4.0', revision: 'e5c75ed026a'
System info: host: 'DESKTOP-968EIR9', ip: '192.168.1.9', os.name: 'Windows 10', os.arch: 'amd64', os.version: '10.0', java.version: '1.8.0_162'
Driver info: org.openqa.selenium.chrome.ChromeDriver
Command: [8d07ab3663a393a337c6fb8255c08dc7, findElement {using=xpath, value=/html/body/app-root/div/app-auth/div/div[2]/app-login/div/form/button}]
Capabilities {acceptInsecureCerts: false, browserName: chrome, browserVersion: 105.0.5195.127, chrome: {chromedriverVersion: 105.0.5195.52 (412c95e51883..., userDataDir: C:\Users\mohamed\AppData\Lo...}, goog:chromeOptions: {debuggerAddress: localhost:58679}, networkConnectionEnabled: false, pageLoadStrategy: normal, platformName: WINDOWS, proxy: Proxy(), se:cdp: ws://localhost:58679/devtoo..., se:cdpVersion: 105.0.5195.127, setWindowRect: true, strictFileInteractability: false, timeouts: {implicit: 0, pageLoad: 300000, script: 30000}, unhandledPromptBehavior: dismiss and notify, webauthn:extension:credBlob: true, webauthn:extension:largeBlob: true, webauthn:virtualAuthenticators: true}
Session ID: 8d07ab3663a393a337c6fb8255c08dc7
at sun.reflect.NativeConstructorAccessorImpl.newInstance0(Native Method)
at sun.reflect.NativeConstructorAccessorImpl.newInstance(NativeConstructorAccessorImpl.java:62)
at sun.reflect.DelegatingConstructorAccessorImpl.newInstance(DelegatingConstructorAccessorImpl.java:45)
at java.lang.reflect.Constructor.newInstance(Constructor.java:423)
at org.openqa.selenium.remote.codec.w3c.W3CHttpResponseCodec.createException(W3CHttpResponseCodec.java:200)
at org.openqa.selenium.remote.codec.w3c.W3CHttpResponseCodec.decode(W3CHttpResponseCodec.java:133)
at org.openqa.selenium.remote.codec.w3c.W3CHttpResponseCodec.decode(W3CHttpResponseCodec.java:53)
at org.openqa.selenium.remote.HttpCommandExecutor.execute(HttpCommandExecutor.java:184)
at org.openqa.selenium.remote.service.DriverCommandExecutor.invokeExecute(DriverCommandExecutor.java:167)
at org.openqa.selenium.remote.service.DriverCommandExecutor.execute(DriverCommandExecutor.java:142)
at org.openqa.selenium.remote.RemoteWebDriver.execute(RemoteWebDriver.java:547)
at org.openqa.selenium.remote.ElementLocation$ElementFinder$2.findElement(ElementLocation.java:162)
at org.openqa.selenium.remote.ElementLocation.findElement(ElementLocation.java:60)
at org.openqa.selenium.remote.RemoteWebDriver.findElement(RemoteWebDriver.java:365)
at org.openqa.selenium.remote.RemoteWebDriver.findElement(RemoteWebDriver.java:357)
at org.openqa.selenium.support.pagefactory.DefaultElementLocator.findElement(DefaultElementLocator.java:70)
at org.openqa.selenium.support.pagefactory.internal.LocatingElementHandler.invoke(LocatingElementHandler.java:39)
at com.sun.proxy.$Proxy14.isDisplayed(Unknown Source)
at org.openqa.selenium.support.ui.ExpectedConditions.elementIfVisible(ExpectedConditions.java:307)
at org.openqa.selenium.support.ui.ExpectedConditions.access$000(ExpectedConditions.java:40)
at org.openqa.selenium.support.ui.ExpectedConditions$10.apply(ExpectedConditions.java:293)
at org.openqa.selenium.support.ui.ExpectedConditions$10.apply(ExpectedConditions.java:290)
at org.openqa.selenium.support.ui.ExpectedConditions$23.apply(ExpectedConditions.java:660)
at org.openqa.selenium.support.ui.ExpectedConditions$23.apply(ExpectedConditions.java:656)
at org.openqa.selenium.support.ui.FluentWait.until(FluentWait.java:208)
at Pages.LoginPage.login(LoginPage.java:44)
at Tests.Login.LoginSuccessfullyTest.userCanLoginWithValidEmailAndPassword(LoginSuccessfullyTest.java:25)
at sun.reflect.NativeMethodAccessorImpl.invoke0(Native Method)
at sun.reflect.NativeMethodAccessorImpl.invoke(NativeMethodAccessorImpl.java:62)
at sun.reflect.DelegatingMethodAccessorImpl.invoke(DelegatingMethodAccessorImpl.java:43)
at java.lang.reflect.Method.invoke(Method.java:498)
at org.testng.internal.MethodInvocationHelper.invokeMethod(MethodInvocationHelper.java:133)
at org.testng.internal.TestInvoker.invokeMethod(TestInvoker.java:598)
at org.testng.internal.TestInvoker.invokeTestMethod(TestInvoker.java:173)
at org.testng.internal.MethodRunner.runInSequence(MethodRunner.java:46)
at org.testng.internal.TestInvoker$MethodInvocationAgent.invoke(TestInvoker.java:824)
at org.testng.internal.TestInvoker.invokeTestMethods(TestInvoker.java:146)
at org.testng.internal.TestMethodWorker.invokeTestMethods(TestMethodWorker.java:146)
at org.testng.internal.TestMethodWorker.run(TestMethodWorker.java:128)
at java.util.ArrayList.forEach(ArrayList.java:1257)
at org.testng.TestRunner.privateRun(TestRunner.java:794)
at org.testng.TestRunner.run(TestRunner.java:596)
at org.testng.SuiteRunner.runTest(SuiteRunner.java:377)
at org.testng.SuiteRunner.runSequentially(SuiteRunner.java:371)
at org.testng.SuiteRunner.privateRun(SuiteRunner.java:332)
at org.testng.SuiteRunner.run(SuiteRunner.java:276)
at org.testng.SuiteRunnerWorker.runSuite(SuiteRunnerWorker.java:53)
at org.testng.SuiteRunnerWorker.run(SuiteRunnerWorker.java:96)
at org.testng.TestNG.runSuitesSequentially(TestNG.java:1212)
at org.testng.TestNG.runSuitesLocally(TestNG.java:1134)
at org.testng.TestNG.runSuites(TestNG.java:1063)
at org.testng.TestNG.run(TestNG.java:1031)
at com.intellij.rt.testng.IDEARemoteTestNG.run(IDEARemoteTestNG.java:66)
at com.intellij.rt.testng.RemoteTestNGStarter.main(RemoteTestNGStarter.java:109)
]]>
            </full-stacktrace>
          </exception> <!-- org.openqa.selenium.WebDriverException -->
          <reporter-output>
          </reporter-output>
        </test-method> <!-- userCanLoginWithValidEmailAndPassword -->
        <test-method status="FAIL" signature="screenshotOnFailure(org.testng.ITestResult)[pri:0, instance:Tests.Login.LoginSuccessfullyTest@3224f60b]" name="screenshotOnFailure" is-config="true" duration-ms="10325" started-at="2022-10-02T16:37:31 EET" finished-at="2022-10-02T16:37:41 EET">
          <params>
            <param index="0">
              <value>
                <![CDATA[[TestResult name=userCanLoginWithValidEmailAndPassword status=FAILURE method=LoginSuccessfullyTest.userCanLoginWithValidEmailAndPassword()[pri:0, instance:Tests.Login.LoginSuccessfullyTest@3224f60b] output={null}]]]>
              </value>
            </param>
          </params>
          <exception class="org.openqa.selenium.WebDriverException">
            <message>
              <![CDATA[chrome not reachable
  (Session info: chrome=105.0.5195.127)
Build info: version: '4.4.0', revision: 'e5c75ed026a'
System info: host: 'DESKTOP-968EIR9', ip: '192.168.1.9', os.name: 'Windows 10', os.arch: 'amd64', os.version: '10.0', java.version: '1.8.0_162'
Driver info: org.openqa.selenium.chrome.ChromeDriver
Command: [8d07ab3663a393a337c6fb8255c08dc7, screenshot {}]
Capabilities {acceptInsecureCerts: false, browserName: chrome, browserVersion: 105.0.5195.127, chrome: {chromedriverVersion: 105.0.5195.52 (412c95e51883..., userDataDir: C:\Users\mohamed\AppData\Lo...}, goog:chromeOptions: {debuggerAddress: localhost:58679}, networkConnectionEnabled: false, pageLoadStrategy: normal, platformName: WINDOWS, proxy: Proxy(), se:cdp: ws://localhost:58679/devtoo..., se:cdpVersion: 105.0.5195.127, setWindowRect: true, strictFileInteractability: false, timeouts: {implicit: 0, pageLoad: 300000, script: 30000}, unhandledPromptBehavior: dismiss and notify, webauthn:extension:credBlob: true, webauthn:extension:largeBlob: true, webauthn:virtualAuthenticators: true}
Session ID: 8d07ab3663a393a337c6fb8255c08dc7]]>
            </message>
            <full-stacktrace>
              <![CDATA[org.openqa.selenium.WebDriverException: chrome not reachable
  (Session info: chrome=105.0.5195.127)
Build info: version: '4.4.0', revision: 'e5c75ed026a'
System info: host: 'DESKTOP-968EIR9', ip: '192.168.1.9', os.name: 'Windows 10', os.arch: 'amd64', os.version: '10.0', java.version: '1.8.0_162'
Driver info: org.openqa.selenium.chrome.ChromeDriver
Command: [8d07ab3663a393a337c6fb8255c08dc7, screenshot {}]
Capabilities {acceptInsecureCerts: false, browserName: chrome, browserVersion: 105.0.5195.127, chrome: {chromedriverVersion: 105.0.5195.52 (412c95e51883..., userDataDir: C:\Users\mohamed\AppData\Lo...}, goog:chromeOptions: {debuggerAddress: localhost:58679}, networkConnectionEnabled: false, pageLoadStrategy: normal, platformName: WINDOWS, proxy: Proxy(), se:cdp: ws://localhost:58679/devtoo..., se:cdpVersion: 105.0.5195.127, setWindowRect: true, strictFileInteractability: false, timeouts: {implicit: 0, pageLoad: 300000, script: 30000}, unhandledPromptBehavior: dismiss and notify, webauthn:extension:credBlob: true, webauthn:extension:largeBlob: true, webauthn:virtualAuthenticators: true}
Session ID: 8d07ab3663a393a337c6fb8255c08dc7
at sun.reflect.NativeConstructorAccessorImpl.newInstance0(Native Method)
at sun.reflect.NativeConstructorAccessorImpl.newInstance(NativeConstructorAccessorImpl.java:62)
at sun.reflect.DelegatingConstructorAccessorImpl.newInstance(DelegatingConstructorAccessorImpl.java:45)
at java.lang.reflect.Constructor.newInstance(Constructor.java:423)
at org.openqa.selenium.remote.codec.w3c.W3CHttpResponseCodec.createException(W3CHttpResponseCodec.java:200)
at org.openqa.selenium.remote.codec.w3c.W3CHttpResponseCodec.decode(W3CHttpResponseCodec.java:133)
at org.openqa.selenium.remote.codec.w3c.W3CHttpResponseCodec.decode(W3CHttpResponseCodec.java:53)
at org.openqa.selenium.remote.HttpCommandExecutor.execute(HttpCommandExecutor.java:184)
at org.openqa.selenium.remote.service.DriverCommandExecutor.invokeExecute(DriverCommandExecutor.java:167)
at org.openqa.selenium.remote.service.DriverCommandExecutor.execute(DriverCommandExecutor.java:142)
at org.openqa.selenium.remote.RemoteWebDriver.execute(RemoteWebDriver.java:547)
at org.openqa.selenium.remote.RemoteWebDriver.execute(RemoteWebDriver.java:602)
at org.openqa.selenium.remote.RemoteWebDriver.execute(RemoteWebDriver.java:606)
at org.openqa.selenium.remote.RemoteWebDriver.getScreenshotAs(RemoteWebDriver.java:331)
at Utilities.Helper.captureScreenshot(Helper.java:21)
at Tests.TestBase.screenshotOnFailure(TestBase.java:33)
at sun.reflect.NativeMethodAccessorImpl.invoke0(Native Method)
at sun.reflect.NativeMethodAccessorImpl.invoke(NativeMethodAccessorImpl.java:62)
at sun.reflect.DelegatingMethodAccessorImpl.invoke(DelegatingMethodAccessorImpl.java:43)
at java.lang.reflect.Method.invoke(Method.java:498)
at org.testng.internal.MethodInvocationHelper.invokeMethod(MethodInvocationHelper.java:133)
at org.testng.internal.MethodInvocationHelper.invokeMethodConsideringTimeout(MethodInvocationHelper.java:62)
at org.testng.internal.ConfigInvoker.invokeConfigurationMethod(ConfigInvoker.java:385)
at org.testng.internal.ConfigInvoker.invokeConfigurations(ConfigInvoker.java:321)
at org.testng.internal.TestInvoker.runConfigMethods(TestInvoker.java:700)
at org.testng.internal.TestInvoker.runAfterGroupsConfigurations(TestInvoker.java:676)
at org.testng.internal.TestInvoker.invokeMethod(TestInvoker.java:660)
at org.testng.internal.TestInvoker.invokeTestMethod(TestInvoker.java:173)
at org.testng.internal.MethodRunner.runInSequence(MethodRunner.java:46)
at org.testng.internal.TestInvoker$MethodInvocationAgent.invoke(TestInvoker.java:824)
at org.testng.internal.TestInvoker.invokeTestMethods(TestInvoker.java:146)
at org.testng.internal.TestMethodWorker.invokeTestMethods(TestMethodWorker.java:146)
at org.testng.internal.TestMethodWorker.run(TestMethodWorker.java:128)
at java.util.ArrayList.forEach(ArrayList.java:1257)
at org.testng.TestRunner.privateRun(TestRunner.java:794)
at org.testng.TestRunner.run(TestRunner.java:596)
at org.testng.SuiteRunner.runTest(SuiteRunner.java:377)
at org.testng.SuiteRunner.runSequentially(SuiteRunner.java:371)
at org.testng.SuiteRunner.privateRun(SuiteRunner.java:332)
at org.testng.SuiteRunner.run(SuiteRunner.java:276)
at org.testng.SuiteRunnerWorker.runSuite(SuiteRunnerWorker.java:53)
at org.testng.SuiteRunnerWorker.run(SuiteRunnerWorker.java:96)
at org.testng.TestNG.runSuitesSequentially(TestNG.java:1212)
at org.testng.TestNG.runSuitesLocally(TestNG.java:1134)
at org.testng.TestNG.runSuites(TestNG.java:1063)
at org.testng.TestNG.run(TestNG.java:1031)
at com.intellij.rt.testng.IDEARemoteTestNG.run(IDEARemoteTestNG.java:66)
at com.intellij.rt.testng.RemoteTestNGStarter.main(RemoteTestNGStarter.java:109)
]]>
            </full-stacktrace>
          </exception> <!-- org.openqa.selenium.WebDriverException -->
          <reporter-output>
          </reporter-output>
        </test-method> <!-- screenshotOnFailure -->
      </class> <!-- Tests.Login.LoginSuccessfullyTest -->
    </test> <!-- F:/PhysicianNetwork/PhysicianNetwork -->
  </suite> <!-- All Test Suite -->
</testng-results>
